<?xml version="1.0" encoding="UTF-8"?>
<!-- Generated by org.testng.reporters.JUnitXMLReporter -->
<testsuite ignored="1" hostname="IN-8STN763" failures="1" tests="7" name="Test" time="63.834" errors="0" timestamp="2024-11-21T17:57:45 IST">
  <testcase classname="driverImpactReport.OpenDIR" name="SearchProgram" time="2.976"/>
  <testcase classname="driverImpactReport.OpenDIR" name="OpenDriverImpactReport" time="1.234"/>
  <testcase classname="driverImpactReport.OpenDIR" name="Grouped" time="6.038"/>
  <testcase classname="driverImpactReport.OpenDIR" name="Ungrouped" time="0.381"/>
  <testcase classname="driverImpactReport.OpenDIR" name="ChangeComparison" time="1.348"/>
  <testcase classname="driverImpactReport.OpenDIR" name="ChangeDriver" time="3.645"/>
  <testcase classname="driverImpactReport.OpenDIR" name="AddSection" time="20.077">
    <failure type="org.openqa.selenium.NoSuchElementException" message="no such element: Unable to locate element: {&amp;quot;method&amp;quot;:&amp;quot;xpath&amp;quot;,&amp;quot;selector&amp;quot;:&amp;quot;//*[@id=&amp;apos;dropdownTrigger_glintDropdown_9ca443de-2409-4a2b-8368-04d51dd08e5f&amp;apos;]&amp;quot;}
  (Session info: chrome=131.0.6778.71)
For documentation on this error, please visit: https://www.selenium.dev/documentation/webdriver/troubleshooting/errors#no-such-element-exception
Build info: version: &amp;apos;4.15.0&amp;apos;, revision: &amp;apos;1d14b5521b&amp;apos;
System info: os.name: &amp;apos;Windows 10&amp;apos;, os.arch: &amp;apos;amd64&amp;apos;, os.version: &amp;apos;10.0&amp;apos;, java.version: &amp;apos;17.0.4.1&amp;apos;
Driver info: org.openqa.selenium.chrome.ChromeDriver
Command: [3a86d1b5a8c34fb4b92a081b09985395, findElement {using=xpath, value=//*[@id=&amp;apos;dropdownTrigger_glintDropdown_9ca443de-2409-4a2b-8368-04d51dd08e5f&amp;apos;]}]
Capabilities {acceptInsecureCerts: false, browserName: chrome, browserVersion: 131.0.6778.71, chrome: {chromedriverVersion: 131.0.6778.85 (3d81e41b6f3a..., userDataDir: C:\Users\BAnand01\AppData\L...}, fedcm:accounts: true, goog:chromeOptions: {debuggerAddress: localhost:62438}, networkConnectionEnabled: false, pageLoadStrategy: normal, platformName: windows, proxy: Proxy(), se:cdp: ws://localhost:62438/devtoo..., se:cdpVersion: 131.0.6778.71, setWindowRect: true, strictFileInteractability: false, timeouts: {implicit: 0, pageLoad: 300000, script: 30000}, unhandledPromptBehavior: dismiss and notify, webauthn:extension:credBlob: true, webauthn:extension:largeBlob: true, webauthn:extension:minPinLength: true, webauthn:extension:prf: true, webauthn:virtualAuthenticators: true}
Session ID: 3a86d1b5a8c34fb4b92a081b09985395">
      <![CDATA[org.openqa.selenium.NoSuchElementException: no such element: Unable to locate element: {"method":"xpath","selector":"//*[@id='dropdownTrigger_glintDropdown_9ca443de-2409-4a2b-8368-04d51dd08e5f']"}
  (Session info: chrome=131.0.6778.71)
For documentation on this error, please visit: https://www.selenium.dev/documentation/webdriver/troubleshooting/errors#no-such-element-exception
Build info: version: '4.15.0', revision: '1d14b5521b'
System info: os.name: 'Windows 10', os.arch: 'amd64', os.version: '10.0', java.version: '17.0.4.1'
Driver info: org.openqa.selenium.chrome.ChromeDriver
Command: [3a86d1b5a8c34fb4b92a081b09985395, findElement {using=xpath, value=//*[@id='dropdownTrigger_glintDropdown_9ca443de-2409-4a2b-8368-04d51dd08e5f']}]
Capabilities {acceptInsecureCerts: false, browserName: chrome, browserVersion: 131.0.6778.71, chrome: {chromedriverVersion: 131.0.6778.85 (3d81e41b6f3a..., userDataDir: C:\Users\BAnand01\AppData\L...}, fedcm:accounts: true, goog:chromeOptions: {debuggerAddress: localhost:62438}, networkConnectionEnabled: false, pageLoadStrategy: normal, platformName: windows, proxy: Proxy(), se:cdp: ws://localhost:62438/devtoo..., se:cdpVersion: 131.0.6778.71, setWindowRect: true, strictFileInteractability: false, timeouts: {implicit: 0, pageLoad: 300000, script: 30000}, unhandledPromptBehavior: dismiss and notify, webauthn:extension:credBlob: true, webauthn:extension:largeBlob: true, webauthn:extension:minPinLength: true, webauthn:extension:prf: true, webauthn:virtualAuthenticators: true}
Session ID: 3a86d1b5a8c34fb4b92a081b09985395
at org.openqa.selenium.remote.codec.w3c.W3CHttpResponseCodec.createException(W3CHttpResponseCodec.java:200)
at org.openqa.selenium.remote.codec.w3c.W3CHttpResponseCodec.decode(W3CHttpResponseCodec.java:133)
at org.openqa.selenium.remote.codec.w3c.W3CHttpResponseCodec.decode(W3CHttpResponseCodec.java:52)
at org.openqa.selenium.remote.HttpCommandExecutor.execute(HttpCommandExecutor.java:191)
at org.openqa.selenium.remote.service.DriverCommandExecutor.invokeExecute(DriverCommandExecutor.java:200)
at org.openqa.selenium.remote.service.DriverCommandExecutor.execute(DriverCommandExecutor.java:175)
at org.openqa.selenium.remote.RemoteWebDriver.execute(RemoteWebDriver.java:607)
at org.openqa.selenium.remote.ElementLocation$ElementFinder$2.findElement(ElementLocation.java:165)
at org.openqa.selenium.remote.ElementLocation.findElement(ElementLocation.java:59)
at org.openqa.selenium.remote.RemoteWebDriver.findElement(RemoteWebDriver.java:364)
at org.openqa.selenium.remote.RemoteWebDriver.findElement(RemoteWebDriver.java:358)
at driverImpactReport.OpenDIR.AddSection(OpenDIR.java:77)
at java.base/java.util.ArrayList.forEach(ArrayList.java:1511)
... Removed 32 stack frames]]>
    </failure>
  </testcase> <!-- AddSection -->
  <testcase classname="driverImpactReport.OpenDIR" name="Savebutton" time="0.0">
    <ignored/>
  </testcase> <!-- Savebutton -->
</testsuite> <!-- Test -->
